<?xml version="1.0" encoding="UTF-8"?>
<!-- Generated by org.testng.reporters.JUnitXMLReporter -->
<testsuite ignored="0" hostname="DESKTOP-TL9ALR0" failures="0" tests="5" name="VideoGameAPITests" time="4.786" errors="0" timestamp="2022-08-07T23:10:31 IST">
  <testcase classname="testCases.VideoGameAPITest" name="test_getAllVideoGames" time="3.219"/>
  <testcase classname="testCases.VideoGameAPITest" name="test_createNewVideoGame" time="0.841"/>
  <testcase classname="testCases.VideoGameAPITest" name="test_getVideoGame" time="0.519"/>
  <testcase classname="testCases.VideoGameAPITest" name="test_UpdateVideoGame" time="0.088"/>
  <testcase classname="testCases.VideoGameAPITest" name="test_deleteVideoGame" time="0.045"/>
</testsuite> <!-- VideoGameAPITests -->
