<?xml version="1.0" encoding="UTF-8"?>
<!-- Generated by org.testng.reporters.JUnitXMLReporter -->
<testsuite hostname="DESKTOP-TL9ALR0" ignored="0" name="VideoGameAPITests" tests="5" failures="0" timestamp="2022-08-08T02:23:46 IST" time="9.87" errors="0">
  <testcase name="test_getAllVideoGames" time="4.912" classname="testCases.VideoGameAPITest"/>
  <testcase name="test_createNewVideoGame" time="0.933" classname="testCases.VideoGameAPITest"/>
  <testcase name="test_getVideoGame" time="0.789" classname="testCases.VideoGameAPITest"/>
  <testcase name="test_UpdateVideoGame" time="0.11" classname="testCases.VideoGameAPITest"/>
  <testcase name="test_deleteVideoGame" time="3.055" classname="testCases.VideoGameAPITest"/>
</testsuite> <!-- VideoGameAPITests -->
